\BOOKMARK [1][-]{section.1}{\376\377\000I\000n\000t\000r\000o\000d\000u\000c\000t\000i\000o\000n}{}% 1
\BOOKMARK [1][-]{section.2}{\376\377\000P\000i\000t\000c\000h\000\040\000S\000p\000a\000c\000e}{}% 2
\BOOKMARK [2][-]{subsection.2.1}{\376\377\000D\000e\000f\000i\000n\000i\000t\000i\000o\000n\000\040\000o\000f\000\040\000Z\0001\0002}{section.2}% 3
\BOOKMARK [1][-]{section.3}{\376\377\000W\000h\000o\000l\000e\040\023\000T\000o\000n\000e\000\040\000Z\000o\000n\000e\000s}{}% 4
\BOOKMARK [2][-]{subsection.3.1}{\376\377\000D\000e\000f\000i\000n\000i\000t\000i\000o\000n}{section.3}% 5
\BOOKMARK [2][-]{subsection.3.2}{\376\377\000Z\000o\000n\000e\000\040\000S\000t\000a\000b\000i\000l\000i\000t\000y\000\040\000U\000n\000d\000e\000r\000\040\000W\000h\000o\000l\000e\000\040\000S\000t\000e\000p\000s}{section.3}% 6
\BOOKMARK [1][-]{section.4}{\376\377\000H\000a\000l\000f\040\023\000S\000t\000e\000p\000\040\000M\000o\000t\000i\000o\000n\000\040\000a\000s\000\040\000Z\000o\000n\000e\000\040\000C\000r\000o\000s\000s\000i\000n\000g}{}% 7
\BOOKMARK [1][-]{section.5}{\376\377\000T\000r\000i\000t\000o\000n\000e\000s\000\040\000a\000s\000\040\000O\000r\000d\000e\000r\040\023\000T\000w\000o\000\040\000E\000l\000e\000m\000e\000n\000t\000s}{}% 8
\BOOKMARK [2][-]{subsection.5.1}{\376\377\000D\000e\000f\000i\000n\000i\000t\000i\000o\000n}{section.5}% 9
\BOOKMARK [2][-]{subsection.5.2}{\376\377\000I\000n\000v\000o\000l\000u\000t\000i\000o\000n\000\040\000P\000r\000o\000p\000e\000r\000t\000y}{section.5}% 10
\BOOKMARK [1][-]{section.6}{\376\377\000C\000h\000r\000o\000m\000a\000t\000i\000c\000\040\000D\000r\000i\000f\000t\000\040\000a\000n\000d\000\040\000t\000h\000e\000\040\000C\000y\000c\000l\000e\000\040\000o\000f\000\040\000F\000o\000u\000r\000t\000h\000s}{}% 11
\BOOKMARK [1][-]{section.7}{\376\377\000D\000u\000a\000l\040\023\000Z\000o\000n\000e\000\040\000H\000a\000r\000m\000o\000n\000i\000c\000\040\000S\000y\000s\000t\000e\000m\000s}{}% 12
\BOOKMARK [2][-]{subsection.7.1}{\376\377\000M\000e\000l\000o\000d\000i\000c\000\040\000M\000i\000n\000o\000r}{section.7}% 13
\BOOKMARK [1][-]{section.8}{\376\377\000C\000l\000a\000s\000s\000i\000f\000i\000c\000a\000t\000i\000o\000n\000\040\000b\000y\000\040\000T\000r\000i\000t\000o\000n\000e\000\040\000R\000a\000n\000k}{}% 14
\BOOKMARK [1][-]{section.9}{\376\377\000W\000o\000r\000k\000e\000d\000\040\000M\000u\000s\000i\000c\000a\000l\000\040\000E\000x\000a\000m\000p\000l\000e\000s}{}% 15
\BOOKMARK [2][-]{subsection.9.1}{\376\377\000E\000x\000a\000m\000p\000l\000e\000\040\0001\000:\000\040\000C\000l\000a\000s\000s\000i\000c\000a\000l\000\040\000I\000I\040\023\000V\040\023\000I\000\040\000i\000n\000\040\000C\000\040\000M\000a\000j\000o\000r}{section.9}% 16
\BOOKMARK [2][-]{subsection.9.2}{\376\377\000E\000x\000a\000m\000p\000l\000e\000\040\0002\000:\000\040\000T\000r\000i\000t\000o\000n\000e\000\040\000S\000u\000b\000s\000t\000i\000t\000u\000t\000i\000o\000n}{section.9}% 17
\BOOKMARK [2][-]{subsection.9.3}{\376\377\000E\000x\000a\000m\000p\000l\000e\000\040\0003\000:\000\040\000C\000h\000r\000o\000m\000a\000t\000i\000c\000\040\000D\000o\000m\000i\000n\000a\000n\000t\000\040\000C\000h\000a\000i\000n}{section.9}% 18
\BOOKMARK [2][-]{subsection.9.4}{\376\377\000E\000x\000a\000m\000p\000l\000e\000\040\0004\000:\000\040\000M\000e\000l\000o\000d\000i\000c\000\040\000M\000i\000n\000o\000r\000\040\000a\000n\000d\000\040\000D\000u\000a\000l\040\023\000Z\000o\000n\000e\000\040\000H\000a\000r\000m\000o\000n\000y}{section.9}% 19
\BOOKMARK [2][-]{subsection.9.5}{\376\377\000E\000x\000a\000m\000p\000l\000e\000\040\0005\000:\000\040\000M\000i\000n\000o\000r\000\040\000I\000I\040\023\000V\000\040\000a\000n\000d\000\040\000T\000r\000i\000t\000o\000n\000e\000\040\000N\000e\000i\000g\000h\000b\000o\000r\000s}{section.9}% 20
\BOOKMARK [1][-]{section.10}{\376\377\000A\000\040\000M\000a\000r\000k\000o\000v\000\040\000M\000o\000d\000e\000l\000\040\000o\000f\000\040\000H\000a\000r\000m\000o\000n\000i\000c\000\040\000G\000r\000a\000v\000i\000t\000y}{}% 21
\BOOKMARK [2][-]{subsection.10.1}{\376\377\000S\000t\000a\000t\000e\000\040\000S\000p\000a\000c\000e}{section.10}% 22
\BOOKMARK [2][-]{subsection.10.2}{\376\377\000T\000r\000a\000n\000s\000i\000t\000i\000o\000n\000\040\000K\000e\000r\000n\000e\000l}{section.10}% 23
\BOOKMARK [2][-]{subsection.10.3}{\376\377\000Z\000o\000n\000e\040\023\000C\000o\000n\000d\000i\000t\000i\000o\000n\000e\000d\000\040\000T\000r\000a\000n\000s\000i\000t\000i\000o\000n\000s}{section.10}% 24
\BOOKMARK [2][-]{subsection.10.4}{\376\377\000A\000x\000i\000s\040\023\000B\000a\000s\000e\000d\000\040\000M\000a\000r\000k\000o\000v\000\040\000C\000h\000a\000i\000n}{section.10}% 25
\BOOKMARK [2][-]{subsection.10.5}{\376\377\000A\000p\000p\000l\000i\000c\000a\000t\000i\000o\000n\000s}{section.10}% 26
\BOOKMARK [1][-]{section.11}{\376\377\000M\000e\000t\000h\000o\000d\000s\000:\000\040\000E\000s\000t\000i\000m\000a\000t\000i\000n\000g\000\040\000G\000r\000a\000v\000i\000t\000y\000\040\000T\000r\000a\000n\000s\000i\000t\000i\000o\000n\000\040\000M\000a\000t\000r\000i\000c\000e\000s\000\040\000f\000r\000o\000m\000\040\000J\000a\000z\000z\000\040\000R\000e\000p\000e\000r\000t\000o\000i\000r\000e}{}% 27
\BOOKMARK [2][-]{subsection.11.1}{\376\377\000C\000o\000r\000p\000u\000s\000\040\000P\000r\000e\000p\000a\000r\000a\000t\000i\000o\000n}{section.11}% 28
\BOOKMARK [2][-]{subsection.11.2}{\376\377\000S\000t\000a\000t\000e\000\040\000E\000n\000c\000o\000d\000i\000n\000g}{section.11}% 29
\BOOKMARK [2][-]{subsection.11.3}{\376\377\000C\000o\000u\000n\000t\000i\000n\000g\000\040\000T\000r\000a\000n\000s\000i\000t\000i\000o\000n\000s}{section.11}% 30
\BOOKMARK [2][-]{subsection.11.4}{\376\377\000N\000o\000r\000m\000a\000l\000i\000z\000i\000n\000g\000\040\000t\000o\000\040\000a\000\040\000S\000t\000o\000c\000h\000a\000s\000t\000i\000c\000\040\000M\000a\000t\000r\000i\000x}{section.11}% 31
\BOOKMARK [2][-]{subsection.11.5}{\376\377\000Z\000o\000n\000e\040\023\000C\000o\000n\000d\000i\000t\000i\000o\000n\000e\000d\000\040\000A\000n\000a\000l\000y\000s\000i\000s}{section.11}% 32
\BOOKMARK [2][-]{subsection.11.6}{\376\377\000G\000o\000o\000d\000n\000e\000s\000s\000-\000o\000f\000-\000F\000i\000t\000\040\000a\000n\000d\000\040\000S\000t\000a\000t\000i\000s\000t\000i\000c\000a\000l\000\040\000C\000o\000m\000p\000a\000r\000i\000s\000o\000n}{section.11}% 33
\BOOKMARK [2][-]{subsection.11.7}{\376\377\000R\000e\000p\000r\000o\000d\000u\000c\000i\000b\000i\000l\000i\000t\000y}{section.11}% 34
\BOOKMARK [1][-]{section.12}{\376\377\000G\000r\000o\000u\000p\040\023\000T\000h\000e\000o\000r\000e\000t\000i\000c\000\040\000I\000n\000t\000e\000r\000p\000r\000e\000t\000a\000t\000i\000o\000n}{}% 35
\BOOKMARK [2][-]{subsection.12.1}{\376\377\000P\000i\000t\000c\000h\000\040\000S\000p\000a\000c\000e\000\040\000a\000s\000\040\000a\000\040\000C\000y\000c\000l\000i\000c\000\040\000G\000r\000o\000u\000p}{section.12}% 36
\BOOKMARK [2][-]{subsection.12.2}{\376\377\000P\000a\000r\000i\000t\000y\000\040\000C\000o\000s\000e\000t\000s\000\040\000a\000s\000\040\000W\000h\000o\000l\000e\040\023\000T\000o\000n\000e\000\040\000Z\000o\000n\000e\000s}{section.12}% 37
\BOOKMARK [2][-]{subsection.12.3}{\376\377\000T\000r\000i\000t\000o\000n\000e\000s\000\040\000a\000s\000\040\000O\000r\000d\000e\000r\040\023\000T\000w\000o\000\040\000E\000l\000e\000m\000e\000n\000t\000s}{section.12}% 38
\BOOKMARK [2][-]{subsection.12.4}{\376\377\000T\000r\000a\000n\000s\000l\000a\000t\000i\000o\000n\000\040\000S\000y\000m\000m\000e\000t\000r\000y\000\040\000a\000n\000d\000\040\000C\000h\000r\000o\000m\000a\000t\000i\000c\000\040\000D\000r\000i\000f\000t}{section.12}% 39
\BOOKMARK [2][-]{subsection.12.5}{\376\377\000F\000u\000n\000c\000t\000i\000o\000n\000a\000l\000\040\000H\000a\000r\000m\000o\000n\000y\000\040\000a\000s\000\040\000C\000o\000u\000p\000l\000e\000d\000\040\000L\000i\000n\000e\000a\000r\000\040\000D\000y\000n\000a\000m\000i\000c\000s}{section.12}% 40
\BOOKMARK [1][-]{section.13}{\376\377\000C\000o\000m\000p\000u\000t\000a\000t\000i\000o\000n\000a\000l\000\040\000F\000o\000r\000m\000a\000l\000i\000z\000a\000t\000i\000o\000n}{}% 41
\BOOKMARK [2][-]{subsection.13.1}{\376\377\000Z\000o\000n\000e\000\040\000I\000n\000d\000i\000c\000a\000t\000o\000r\000\040\000F\000u\000n\000c\000t\000i\000o\000n}{section.13}% 42
\BOOKMARK [2][-]{subsection.13.2}{\376\377\000C\000r\000o\000s\000s\000i\000n\000g\000\040\000a\000n\000d\000\040\000S\000t\000a\000b\000i\000l\000i\000t\000y\000\040\000O\000p\000e\000r\000a\000t\000o\000r\000s}{section.13}% 43
\BOOKMARK [2][-]{subsection.13.3}{\376\377\000T\000r\000i\000t\000o\000n\000e\000\040\000D\000e\000t\000e\000c\000t\000i\000o\000n\000\040\000A\000l\000g\000o\000r\000i\000t\000h\000m}{section.13}% 44
\BOOKMARK [2][-]{subsection.13.4}{\376\377\000D\000u\000a\000l\040\023\000Z\000o\000n\000e\000\040\000H\000a\000r\000m\000o\000n\000i\000c\000\040\000D\000e\000t\000e\000c\000t\000i\000o\000n}{section.13}% 45
\BOOKMARK [2][-]{subsection.13.5}{\376\377\000G\000r\000a\000v\000i\000t\000y\000\040\000C\000h\000a\000i\000n\000\040\000G\000e\000n\000e\000r\000a\000t\000o\000r}{section.13}% 46
\BOOKMARK [1][-]{section.14}{\376\377\000P\000s\000y\000c\000h\000o\000a\000c\000o\000u\000s\000t\000i\000c\000\040\000I\000n\000t\000e\000r\000p\000r\000e\000t\000a\000t\000i\000o\000n}{}% 47
\BOOKMARK [2][-]{subsection.14.1}{\376\377\000S\000y\000m\000m\000e\000t\000r\000y\000,\000\040\000A\000m\000b\000i\000g\000u\000i\000t\000y\000,\000\040\000a\000n\000d\000\040\000S\000u\000s\000p\000e\000n\000s\000i\000o\000n}{section.14}% 48
\BOOKMARK [2][-]{subsection.14.2}{\376\377\000T\000r\000i\000t\000o\000n\000e\000s\000\040\000a\000s\000\040\000A\000n\000c\000h\000o\000r\000e\000d\000\040\000T\000e\000n\000s\000i\000o\000n}{section.14}% 49
\BOOKMARK [2][-]{subsection.14.3}{\376\377\000S\000e\000m\000i\000t\000o\000n\000e\000\040\000C\000r\000o\000s\000s\000i\000n\000g\000s\000\040\000a\000n\000d\000\040\000D\000i\000r\000e\000c\000t\000i\000o\000n\000a\000l\000\040\000E\000n\000e\000r\000g\000y}{section.14}% 50
\BOOKMARK [2][-]{subsection.14.4}{\376\377\000W\000h\000y\000\040\000M\000e\000l\000o\000d\000i\000c\000\040\000M\000i\000n\000o\000r\000\040\000F\000e\000e\000l\000s\000\040\000`\000`\000M\000o\000d\000e\000r\000n\000'\000'}{section.14}% 51
\BOOKMARK [2][-]{subsection.14.5}{\376\377\000C\000o\000g\000n\000i\000t\000i\000v\000e\000\040\000C\000o\000h\000e\000r\000e\000n\000c\000e}{section.14}% 52
\BOOKMARK [1][-]{section.15}{\376\377\000R\000e\000l\000a\000t\000i\000o\000n\000\040\000t\000o\000\040\000P\000r\000i\000o\000r\000\040\000W\000o\000r\000k}{}% 53
\BOOKMARK [1][-]{section.16}{\376\377\000D\000i\000s\000c\000u\000s\000s\000i\000o\000n}{}% 54
\BOOKMARK [1][-]{section.17}{\376\377\000C\000o\000n\000c\000l\000u\000s\000i\000o\000n}{}% 55
\BOOKMARK [1][-]{appendix.A}{\376\377\000P\000r\000o\000o\000f\000\040\000A\000p\000p\000e\000n\000d\000i\000x\000\040\000f\000o\000r\000\040\000C\000a\000n\000o\000n\000i\000c\000a\000l\000\040\000A\000x\000i\000o\000m\000s}{}% 56
\BOOKMARK [2][-]{subsection.A.1}{\376\377\000A\000x\000i\000o\000m\000\040\0001}{appendix.A}% 57
\BOOKMARK [2][-]{subsection.A.2}{\376\377\000A\000x\000i\000o\000m\000\040\0002}{appendix.A}% 58
\BOOKMARK [2][-]{subsection.A.3}{\376\377\000A\000x\000i\000o\000m\000\040\0003}{appendix.A}% 59
\BOOKMARK [2][-]{subsection.A.4}{\376\377\000A\000x\000i\000o\000m\000\040\0004}{appendix.A}% 60
\BOOKMARK [2][-]{subsection.A.5}{\376\377\000A\000x\000i\000o\000m\000\040\0005}{appendix.A}% 61
